2026-01-09 02:30:03 WARNING 未安装 exchange_calendars，将回退到简单模式
2026-01-09 02:30:03 INFO ============================================================
2026-01-09 02:30:03 INFO   GetData V2 智能调度器启动
2026-01-09 02:30:03 INFO   时区: Asia/Shanghai
2026-01-09 02:30:03 INFO ============================================================
2026-01-09 02:30:03 INFO 交易日检测 2026-01-09: A股=开 / 港股=开 -> 开市
2026-01-09 02:30:03 INFO 下一个交易日: 2026-01-09
2026-01-09 02:30:03 INFO 下一个窗口: T1 @ 2026-01-09 09:29:50
2026-01-09 02:30:03 INFO 等待 25186 秒 (7.00 小时) 到 2026-01-09 09:29:50
2026-01-09 02:31:19 WARNING 未安装 exchange_calendars，将回退到简单模式
2026-01-09 02:31:19 INFO ============================================================
2026-01-09 02:31:19 INFO   GetData V2 智能调度器启动
2026-01-09 02:31:19 INFO   时区: Asia/Shanghai
2026-01-09 02:31:19 INFO ============================================================
2026-01-09 02:31:19 INFO 交易日检测 2026-01-09: A股=开 / 港股=开 -> 开市
2026-01-09 02:31:19 INFO 下一个交易日: 2026-01-09
2026-01-09 02:31:19 INFO 下一个窗口: T1 @ 2026-01-09 09:29:25
2026-01-09 02:31:19 INFO 等待 25085 秒 (6.97 小时) 到 2026-01-09 09:29:25
2026-01-09 09:29:25 INFO 开始采集，窗口结束时间: 11:30:10
2026-01-09 09:29:25 INFO 等待 7245 秒 (2.01 小时) 到 2026-01-09 11:30:10
2026-01-09 09:29:25 INFO 启动 getdata_v2 数据采集...
2026-01-09 11:30:10 INFO 采集任务已取消 (Import模式)
2026-01-09 11:30:10 INFO 窗口结束，采集暂停
2026-01-09 11:30:10 INFO 等待下一个窗口: T2
2026-01-09 11:30:10 INFO 等待 1790 秒 (0.50 小时) 到 2026-01-09 12:00:00
2026-01-09 12:00:00 INFO 开始采集，窗口结束时间: 12:00:30
2026-01-09 12:00:00 INFO 等待 30 秒 (0.01 小时) 到 2026-01-09 12:00:30
2026-01-09 12:00:00 INFO 启动 getdata_v2 数据采集...
2026-01-09 12:00:30 INFO 采集任务已取消 (Import模式)
2026-01-09 12:00:30 INFO 窗口结束，采集暂停
2026-01-09 12:00:30 INFO 等待下一个窗口: T3
2026-01-09 12:00:30 INFO 等待 3535 秒 (0.98 小时) 到 2026-01-09 12:59:25
2026-01-09 12:59:25 INFO 开始采集，窗口结束时间: 15:00:10
2026-01-09 12:59:25 INFO 等待 7245 秒 (2.01 小时) 到 2026-01-09 15:00:10
2026-01-09 12:59:25 INFO 启动 getdata_v2 数据采集...
2026-01-10 18:50:18 WARNING 未安装 exchange_calendars，将回退到简单模式
2026-01-10 18:50:18 INFO ============================================================
2026-01-10 18:50:18 INFO   GetData V2 智能调度器启动
2026-01-10 18:50:18 INFO   时区: Asia/Shanghai
2026-01-10 18:50:18 INFO ============================================================
2026-01-10 18:50:18 INFO 交易日检测 2026-01-11: A股=休 / 港股=休 -> 休市
2026-01-10 18:50:18 INFO 交易日检测 2026-01-12: A股=开 / 港股=开 -> 开市
2026-01-10 18:50:18 INFO 下一个交易日: 2026-01-12
2026-01-10 18:50:18 INFO 下一个窗口: T1 @ 2026-01-12 09:29:25
2026-01-10 18:50:18 INFO 等待 139147 秒 (38.65 小时) 到 2026-01-12 09:29:25
2026-01-10 18:52:40 INFO 成功加载 exchange_calendars (XSHG/XHKG)
2026-01-10 18:52:40 INFO ============================================================
2026-01-10 18:52:40 INFO   GetData V2 智能调度器启动
2026-01-10 18:52:40 INFO   时区: Asia/Shanghai
2026-01-10 18:52:40 INFO ============================================================
2026-01-10 18:52:40 INFO 交易日检测 2026-01-11: A股=休 / 港股=休 -> 休市
2026-01-10 18:52:40 INFO 交易日检测 2026-01-12: A股=开 / 港股=开 -> 开市
2026-01-10 18:52:40 INFO 下一个交易日: 2026-01-12
2026-01-10 18:52:40 INFO 下一个窗口: T1 @ 2026-01-12 09:29:25
2026-01-10 18:52:40 INFO 等待 139005 秒 (38.61 小时) 到 2026-01-12 09:29:25
